2012/10/01 15:09:16 [error] [exception.CHttpException.404] exception 'CHttpException' with message 'The system is unable to find the requested action "tis".' in G:\Wamp\www\tis\yii\framework\web\CController.php:477
Stack trace:
#0 G:\Wamp\www\tis\yii\framework\web\CController.php(262): CController->missingAction('tis')
#1 G:\Wamp\www\tis\yii\framework\web\CWebApplication.php(277): CController->run('tis')
#2 G:\Wamp\www\tis\yii\framework\web\CWebApplication.php(136): CWebApplication->runController('site/tis')
#3 G:\Wamp\www\tis\yii\framework\base\CApplication.php(158): CWebApplication->processRequest()
#4 G:\Wamp\www\tis\index.php(13): CApplication->run()
#5 {main} REQUEST_URI=/tis/index.php?r=site/tis
2012/10/01 15:32:06 [error] [php] Invalid argument supplied for foreach() (G:\Wamp\www\tis\yii\framework\db\ar\CActiveRecord.php:2301)
Stack trace:
#0 G:\Wamp\www\tis\protected\components\UserIdentity.php(27): model()
#1 G:\Wamp\www\tis\protected\models\LoginForm.php(52): UserIdentity->authenticate()
#2 G:\Wamp\www\tis\yii\framework\validators\CInlineValidator.php(39): LoginForm->authenticate()
#3 G:\Wamp\www\tis\yii\framework\validators\CValidator.php(192): CInlineValidator->validateAttribute()
#4 G:\Wamp\www\tis\yii\framework\base\CModel.php(152): CInlineValidator->validate()
#5 G:\Wamp\www\tis\protected\controllers\SiteController.php(88): LoginForm->validate()
#6 G:\Wamp\www\tis\yii\framework\web\actions\CInlineAction.php(50): SiteController->actionLogin()
#7 G:\Wamp\www\tis\yii\framework\web\CController.php(300): CInlineAction->runWithParams()
#8 G:\Wamp\www\tis\yii\framework\web\CController.php(278): SiteController->runAction()
#9 G:\Wamp\www\tis\yii\framework\web\CController.php(257): SiteController->runActionWithFilters()
#10 G:\Wamp\www\tis\yii\framework\web\CWebApplication.php(277): SiteController->run()
#11 G:\Wamp\www\tis\yii\framework\web\CWebApplication.php(136): CWebApplication->runController()
#12 G:\Wamp\www\tis\yii\framework\base\CApplication.php(158): CWebApplication->processRequest()
#13 G:\Wamp\www\tis\index.php(13): CWebApplication->run()
REQUEST_URI=/tis/index.php?r=site/login
in G:\Wamp\www\tis\protected\models\Users.php (12)
in G:\Wamp\www\tis\protected\components\UserIdentity.php (27)
in G:\Wamp\www\tis\protected\models\LoginForm.php (52)
2012/10/01 15:32:34 [error] [php] Trying to get property of non-object (G:\Wamp\www\tis\protected\components\UserIdentity.php:28)
Stack trace:
#0 G:\Wamp\www\tis\yii\framework\validators\CValidator.php(192): CInlineValidator->validateAttribute()
#1 G:\Wamp\www\tis\yii\framework\base\CModel.php(152): CInlineValidator->validate()
#2 G:\Wamp\www\tis\protected\controllers\SiteController.php(88): LoginForm->validate()
#3 G:\Wamp\www\tis\yii\framework\web\actions\CInlineAction.php(50): SiteController->actionLogin()
#4 G:\Wamp\www\tis\yii\framework\web\CController.php(300): CInlineAction->runWithParams()
#5 G:\Wamp\www\tis\yii\framework\web\CController.php(278): SiteController->runAction()
#6 G:\Wamp\www\tis\yii\framework\web\CController.php(257): SiteController->runActionWithFilters()
#7 G:\Wamp\www\tis\yii\framework\web\CWebApplication.php(277): SiteController->run()
#8 G:\Wamp\www\tis\yii\framework\web\CWebApplication.php(136): CWebApplication->runController()
#9 G:\Wamp\www\tis\yii\framework\base\CApplication.php(158): CWebApplication->processRequest()
#10 G:\Wamp\www\tis\index.php(13): CWebApplication->run()
REQUEST_URI=/tis/index.php?r=site/login
in G:\Wamp\www\tis\protected\components\UserIdentity.php (28)
in G:\Wamp\www\tis\protected\models\LoginForm.php (52)
in G:\Wamp\www\tis\protected\controllers\SiteController.php (88)
2012/10/01 15:32:37 [error] [php] Trying to get property of non-object (G:\Wamp\www\tis\protected\components\UserIdentity.php:28)
Stack trace:
#0 G:\Wamp\www\tis\yii\framework\validators\CValidator.php(192): CInlineValidator->validateAttribute()
#1 G:\Wamp\www\tis\yii\framework\base\CModel.php(152): CInlineValidator->validate()
#2 G:\Wamp\www\tis\protected\controllers\SiteController.php(88): LoginForm->validate()
#3 G:\Wamp\www\tis\yii\framework\web\actions\CInlineAction.php(50): SiteController->actionLogin()
#4 G:\Wamp\www\tis\yii\framework\web\CController.php(300): CInlineAction->runWithParams()
#5 G:\Wamp\www\tis\yii\framework\web\CController.php(278): SiteController->runAction()
#6 G:\Wamp\www\tis\yii\framework\web\CController.php(257): SiteController->runActionWithFilters()
#7 G:\Wamp\www\tis\yii\framework\web\CWebApplication.php(277): SiteController->run()
#8 G:\Wamp\www\tis\yii\framework\web\CWebApplication.php(136): CWebApplication->runController()
#9 G:\Wamp\www\tis\yii\framework\base\CApplication.php(158): CWebApplication->processRequest()
#10 G:\Wamp\www\tis\index.php(13): CWebApplication->run()
REQUEST_URI=/tis/index.php?r=site/login
in G:\Wamp\www\tis\protected\components\UserIdentity.php (28)
in G:\Wamp\www\tis\protected\models\LoginForm.php (52)
in G:\Wamp\www\tis\protected\controllers\SiteController.php (88)
2012/11/12 19:32:17 [error] [exception.CHttpException.404] exception 'CHttpException' with message 'The system is unable to find the requested action "task".' in G:\Wamp\www\tis\yii\framework\web\CController.php:477
Stack trace:
#0 G:\Wamp\www\tis\yii\framework\web\CController.php(262): CController->missingAction('task')
#1 G:\Wamp\www\tis\yii\framework\web\CWebApplication.php(277): CController->run('task')
#2 G:\Wamp\www\tis\yii\framework\web\CWebApplication.php(136): CWebApplication->runController('site/task')
#3 G:\Wamp\www\tis\yii\framework\base\CApplication.php(158): CWebApplication->processRequest()
#4 G:\Wamp\www\tis\index.php(13): CApplication->run()
#5 {main} REQUEST_URI=/tis/site/task
2012/11/12 19:37:11 [error] [exception.CHttpException.404] exception 'CHttpException' with message 'The system is unable to find the requested action "edit".' in G:\Wamp\www\tis\yii\framework\web\CController.php:477
Stack trace:
#0 G:\Wamp\www\tis\yii\framework\web\CController.php(262): CController->missingAction('edit')
#1 G:\Wamp\www\tis\yii\framework\web\CWebApplication.php(277): CController->run('edit')
#2 G:\Wamp\www\tis\yii\framework\web\CWebApplication.php(136): CWebApplication->runController('user/edit')
#3 G:\Wamp\www\tis\yii\framework\base\CApplication.php(158): CWebApplication->processRequest()
#4 G:\Wamp\www\tis\index.php(13): CApplication->run()
#5 {main} REQUEST_URI=/tis/user/edit
2012/11/12 19:37:19 [error] [exception.CHttpException.404] exception 'CHttpException' with message 'Zadany pouzivatel neexistuje' in G:\Wamp\www\tis\protected\controllers\UserController.php:62
Stack trace:
#0 G:\Wamp\www\tis\yii\framework\web\actions\CInlineAction.php(50): UserController->actionUpdate()
#1 G:\Wamp\www\tis\yii\framework\web\CController.php(300): CInlineAction->runWithParams(Array)
#2 G:\Wamp\www\tis\yii\framework\web\CController.php(278): CController->runAction(Object(CInlineAction))
#3 G:\Wamp\www\tis\yii\framework\web\CController.php(257): CController->runActionWithFilters(Object(CInlineAction), Array)
#4 G:\Wamp\www\tis\yii\framework\web\CWebApplication.php(277): CController->run('update')
#5 G:\Wamp\www\tis\yii\framework\web\CWebApplication.php(136): CWebApplication->runController('user/update')
#6 G:\Wamp\www\tis\yii\framework\base\CApplication.php(158): CWebApplication->processRequest()
#7 G:\Wamp\www\tis\index.php(13): CApplication->run()
#8 {main} REQUEST_URI=/tis/user/update
2012/11/12 19:40:10 [error] [exception.CHttpException.404] exception 'CHttpException' with message 'Unable to resolve the request "edit".' in G:\Wamp\www\tis\yii\framework\web\CWebApplication.php:281
Stack trace:
#0 G:\Wamp\www\tis\yii\framework\web\CWebApplication.php(136): CWebApplication->runController('edit')
#1 G:\Wamp\www\tis\yii\framework\base\CApplication.php(158): CWebApplication->processRequest()
#2 G:\Wamp\www\tis\index.php(13): CApplication->run()
#3 {main} REQUEST_URI=/tis/edit?id=1
2012/11/12 19:42:50 [error] [exception.CException] exception 'CException' with message 'Property "Users.name" is not defined.' in G:\Wamp\www\tis\yii\framework\base\CComponent.php:131
Stack trace:
#0 G:\Wamp\www\tis\yii\framework\db\ar\CActiveRecord.php(129): CComponent->__get('name')
#1 G:\Wamp\www\tis\yii\framework\web\helpers\CHtml.php(2063): CActiveRecord->__get('name')
#2 G:\Wamp\www\tis\yii\framework\web\helpers\CHtml.php(1791): CHtml::resolveValue(Object(Users), 'name')
#3 G:\Wamp\www\tis\yii\framework\web\helpers\CHtml.php(1199): CHtml::activeInputField('text', Object(Users), 'name', Array)
#4 G:\Wamp\www\tis\yii\framework\web\widgets\CActiveForm.php(568): CHtml::activeTextField(Object(Users), 'name', Array)
#5 G:\Wamp\www\tis\protected\views\user\update.php(6): CActiveForm->textField(Object(Users), 'name')
#6 G:\Wamp\www\tis\yii\framework\web\CBaseController.php(119): require('G:\Wamp\www\tis...')
#7 G:\Wamp\www\tis\yii\framework\web\CBaseController.php(88): CBaseController->renderInternal('G:\Wamp\www\tis...', Array, true)
#8 G:\Wamp\www\tis\yii\framework\web\CController.php(866): CBaseController->renderFile('G:\Wamp\www\tis...', Array, true)
#9 G:\Wamp\www\tis\yii\framework\web\CController.php(779): CController->renderPartial('update', Array, true)
#10 G:\Wamp\www\tis\protected\controllers\UserController.php(59): CController->render('update', Array)
#11 G:\Wamp\www\tis\yii\framework\web\actions\CInlineAction.php(50): UserController->actionUpdate()
#12 G:\Wamp\www\tis\yii\framework\web\CController.php(300): CInlineAction->runWithParams(Array)
#13 G:\Wamp\www\tis\yii\framework\web\CController.php(278): CController->runAction(Object(CInlineAction))
#14 G:\Wamp\www\tis\yii\framework\web\CController.php(257): CController->runActionWithFilters(Object(CInlineAction), Array)
#15 G:\Wamp\www\tis\yii\framework\web\CWebApplication.php(277): CController->run('update')
#16 G:\Wamp\www\tis\yii\framework\web\CWebApplication.php(136): CWebApplication->runController('user/update')
#17 G:\Wamp\www\tis\yii\framework\base\CApplication.php(158): CWebApplication->processRequest()
#18 G:\Wamp\www\tis\index.php(13): CApplication->run()
#19 {main} REQUEST_URI=/tis/user/update?id=1
2012/11/12 20:26:01 [error] [exception.CException] exception 'CException' with message 'Property "CWebUser.isAdmin" is not defined.' in G:\Wamp\www\tis\yii\framework\base\CComponent.php:131
Stack trace:
#0 G:\Wamp\www\tis\yii\framework\web\auth\CWebUser.php(124): CComponent->__get('isAdmin')
#1 G:\Wamp\www\tis\protected\views\user\update.php(33): CWebUser->__get('isAdmin')
#2 G:\Wamp\www\tis\yii\framework\web\CBaseController.php(119): require('G:\Wamp\www\tis...')
#3 G:\Wamp\www\tis\yii\framework\web\CBaseController.php(88): CBaseController->renderInternal('G:\Wamp\www\tis...', Array, true)
#4 G:\Wamp\www\tis\yii\framework\web\CController.php(866): CBaseController->renderFile('G:\Wamp\www\tis...', Array, true)
#5 G:\Wamp\www\tis\yii\framework\web\CController.php(779): CController->renderPartial('update', Array, true)
#6 G:\Wamp\www\tis\protected\controllers\UserController.php(59): CController->render('update', Array)
#7 G:\Wamp\www\tis\yii\framework\web\actions\CInlineAction.php(50): UserController->actionUpdate()
#8 G:\Wamp\www\tis\yii\framework\web\CController.php(300): CInlineAction->runWithParams(Array)
#9 G:\Wamp\www\tis\yii\framework\web\CController.php(278): CController->runAction(Object(CInlineAction))
#10 G:\Wamp\www\tis\yii\framework\web\CController.php(257): CController->runActionWithFilters(Object(CInlineAction), Array)
#11 G:\Wamp\www\tis\yii\framework\web\CWebApplication.php(277): CController->run('update')
#12 G:\Wamp\www\tis\yii\framework\web\CWebApplication.php(136): CWebApplication->runController('user/update')
#13 G:\Wamp\www\tis\yii\framework\base\CApplication.php(158): CWebApplication->processRequest()
#14 G:\Wamp\www\tis\index.php(13): CApplication->run()
#15 {main} REQUEST_URI=/tis/user/update?id=1
2012/11/12 20:26:06 [error] [exception.CException] exception 'CException' with message 'CWebUser and its behaviors do not have a method or closure named "isAdmin".' in G:\Wamp\www\tis\yii\framework\base\CComponent.php:269
Stack trace:
#0 G:\Wamp\www\tis\protected\views\user\update.php(33): CComponent->__call('isAdmin', Array)
#1 G:\Wamp\www\tis\protected\views\user\update.php(33): CWebUser->isAdmin()
#2 G:\Wamp\www\tis\yii\framework\web\CBaseController.php(119): require('G:\Wamp\www\tis...')
#3 G:\Wamp\www\tis\yii\framework\web\CBaseController.php(88): CBaseController->renderInternal('G:\Wamp\www\tis...', Array, true)
#4 G:\Wamp\www\tis\yii\framework\web\CController.php(866): CBaseController->renderFile('G:\Wamp\www\tis...', Array, true)
#5 G:\Wamp\www\tis\yii\framework\web\CController.php(779): CController->renderPartial('update', Array, true)
#6 G:\Wamp\www\tis\protected\controllers\UserController.php(59): CController->render('update', Array)
#7 G:\Wamp\www\tis\yii\framework\web\actions\CInlineAction.php(50): UserController->actionUpdate()
#8 G:\Wamp\www\tis\yii\framework\web\CController.php(300): CInlineAction->runWithParams(Array)
#9 G:\Wamp\www\tis\yii\framework\web\CController.php(278): CController->runAction(Object(CInlineAction))
#10 G:\Wamp\www\tis\yii\framework\web\CController.php(257): CController->runActionWithFilters(Object(CInlineAction), Array)
#11 G:\Wamp\www\tis\yii\framework\web\CWebApplication.php(277): CController->run('update')
#12 G:\Wamp\www\tis\yii\framework\web\CWebApplication.php(136): CWebApplication->runController('user/update')
#13 G:\Wamp\www\tis\yii\framework\base\CApplication.php(158): CWebApplication->processRequest()
#14 G:\Wamp\www\tis\index.php(13): CApplication->run()
#15 {main} REQUEST_URI=/tis/user/update?id=1
2012/11/12 20:27:03 [error] [exception.CException] exception 'CException' with message 'CWebUser and its behaviors do not have a method or closure named "isAdmin".' in G:\Wamp\www\tis\yii\framework\base\CComponent.php:269
Stack trace:
#0 G:\Wamp\www\tis\protected\views\user\update.php(33): CComponent->__call('isAdmin', Array)
#1 G:\Wamp\www\tis\protected\views\user\update.php(33): CWebUser->isAdmin()
#2 G:\Wamp\www\tis\yii\framework\web\CBaseController.php(119): require('G:\Wamp\www\tis...')
#3 G:\Wamp\www\tis\yii\framework\web\CBaseController.php(88): CBaseController->renderInternal('G:\Wamp\www\tis...', Array, true)
#4 G:\Wamp\www\tis\yii\framework\web\CController.php(866): CBaseController->renderFile('G:\Wamp\www\tis...', Array, true)
#5 G:\Wamp\www\tis\yii\framework\web\CController.php(779): CController->renderPartial('update', Array, true)
#6 G:\Wamp\www\tis\protected\controllers\UserController.php(59): CController->render('update', Array)
#7 G:\Wamp\www\tis\yii\framework\web\actions\CInlineAction.php(50): UserController->actionUpdate()
#8 G:\Wamp\www\tis\yii\framework\web\CController.php(300): CInlineAction->runWithParams(Array)
#9 G:\Wamp\www\tis\yii\framework\web\CController.php(278): CController->runAction(Object(CInlineAction))
#10 G:\Wamp\www\tis\yii\framework\web\CController.php(257): CController->runActionWithFilters(Object(CInlineAction), Array)
#11 G:\Wamp\www\tis\yii\framework\web\CWebApplication.php(277): CController->run('update')
#12 G:\Wamp\www\tis\yii\framework\web\CWebApplication.php(136): CWebApplication->runController('user/update')
#13 G:\Wamp\www\tis\yii\framework\base\CApplication.php(158): CWebApplication->processRequest()
#14 G:\Wamp\www\tis\index.php(13): CApplication->run()
#15 {main} REQUEST_URI=/tis/user/update?id=1
2012/11/12 20:27:17 [error] [exception.CException] exception 'CException' with message 'Property "CWebUser.isAdmin" is not defined.' in G:\Wamp\www\tis\yii\framework\base\CComponent.php:131
Stack trace:
#0 G:\Wamp\www\tis\yii\framework\web\auth\CWebUser.php(124): CComponent->__get('isAdmin')
#1 G:\Wamp\www\tis\protected\views\user\update.php(33): CWebUser->__get('isAdmin')
#2 G:\Wamp\www\tis\yii\framework\web\CBaseController.php(119): require('G:\Wamp\www\tis...')
#3 G:\Wamp\www\tis\yii\framework\web\CBaseController.php(88): CBaseController->renderInternal('G:\Wamp\www\tis...', Array, true)
#4 G:\Wamp\www\tis\yii\framework\web\CController.php(866): CBaseController->renderFile('G:\Wamp\www\tis...', Array, true)
#5 G:\Wamp\www\tis\yii\framework\web\CController.php(779): CController->renderPartial('update', Array, true)
#6 G:\Wamp\www\tis\protected\controllers\UserController.php(59): CController->render('update', Array)
#7 G:\Wamp\www\tis\yii\framework\web\actions\CInlineAction.php(50): UserController->actionUpdate()
#8 G:\Wamp\www\tis\yii\framework\web\CController.php(300): CInlineAction->runWithParams(Array)
#9 G:\Wamp\www\tis\yii\framework\web\CController.php(278): CController->runAction(Object(CInlineAction))
#10 G:\Wamp\www\tis\yii\framework\web\CController.php(257): CController->runActionWithFilters(Object(CInlineAction), Array)
#11 G:\Wamp\www\tis\yii\framework\web\CWebApplication.php(277): CController->run('update')
#12 G:\Wamp\www\tis\yii\framework\web\CWebApplication.php(136): CWebApplication->runController('user/update')
#13 G:\Wamp\www\tis\yii\framework\base\CApplication.php(158): CWebApplication->processRequest()
#14 G:\Wamp\www\tis\index.php(13): CApplication->run()
#15 {main} REQUEST_URI=/tis/user/update?id=1
2012/11/12 20:27:30 [error] [exception.CException] exception 'CException' with message 'Property "UserIdentity.is_admin" is not defined.' in G:\Wamp\www\tis\yii\framework\base\CComponent.php:174
Stack trace:
#0 G:\Wamp\www\tis\protected\components\UserIdentity.php(33): CComponent->__set('is_admin', NULL)
#1 G:\Wamp\www\tis\protected\models\LoginForm.php(52): UserIdentity->authenticate()
#2 G:\Wamp\www\tis\yii\framework\validators\CInlineValidator.php(39): LoginForm->authenticate('password', Array)
#3 G:\Wamp\www\tis\yii\framework\validators\CValidator.php(192): CInlineValidator->validateAttribute(Object(LoginForm), 'password')
#4 G:\Wamp\www\tis\yii\framework\base\CModel.php(152): CValidator->validate(Object(LoginForm), NULL)
#5 G:\Wamp\www\tis\protected\controllers\SiteController.php(84): CModel->validate()
#6 G:\Wamp\www\tis\yii\framework\web\actions\CInlineAction.php(50): SiteController->actionLogin()
#7 G:\Wamp\www\tis\yii\framework\web\CController.php(300): CInlineAction->runWithParams(Array)
#8 G:\Wamp\www\tis\yii\framework\web\CController.php(278): CController->runAction(Object(CInlineAction))
#9 G:\Wamp\www\tis\yii\framework\web\CController.php(257): CController->runActionWithFilters(Object(CInlineAction), Array)
#10 G:\Wamp\www\tis\yii\framework\web\CWebApplication.php(277): CController->run('login')
#11 G:\Wamp\www\tis\yii\framework\web\CWebApplication.php(136): CWebApplication->runController('site/login')
#12 G:\Wamp\www\tis\yii\framework\base\CApplication.php(158): CWebApplication->processRequest()
#13 G:\Wamp\www\tis\index.php(13): CApplication->run()
#14 {main} REQUEST_URI=/tis/site/login
2012/11/12 20:28:05 [error] [exception.CException] exception 'CException' with message 'Property "CWebUser.isAdmin" is not defined.' in G:\Wamp\www\tis\yii\framework\base\CComponent.php:131
Stack trace:
#0 G:\Wamp\www\tis\yii\framework\web\auth\CWebUser.php(124): CComponent->__get('isAdmin')
#1 G:\Wamp\www\tis\protected\views\user\update.php(33): CWebUser->__get('isAdmin')
#2 G:\Wamp\www\tis\yii\framework\web\CBaseController.php(119): require('G:\Wamp\www\tis...')
#3 G:\Wamp\www\tis\yii\framework\web\CBaseController.php(88): CBaseController->renderInternal('G:\Wamp\www\tis...', Array, true)
#4 G:\Wamp\www\tis\yii\framework\web\CController.php(866): CBaseController->renderFile('G:\Wamp\www\tis...', Array, true)
#5 G:\Wamp\www\tis\yii\framework\web\CController.php(779): CController->renderPartial('update', Array, true)
#6 G:\Wamp\www\tis\protected\controllers\UserController.php(59): CController->render('update', Array)
#7 G:\Wamp\www\tis\yii\framework\web\actions\CInlineAction.php(50): UserController->actionUpdate()
#8 G:\Wamp\www\tis\yii\framework\web\CController.php(300): CInlineAction->runWithParams(Array)
#9 G:\Wamp\www\tis\yii\framework\web\CController.php(278): CController->runAction(Object(CInlineAction))
#10 G:\Wamp\www\tis\yii\framework\web\CController.php(257): CController->runActionWithFilters(Object(CInlineAction), Array)
#11 G:\Wamp\www\tis\yii\framework\web\CWebApplication.php(277): CController->run('update')
#12 G:\Wamp\www\tis\yii\framework\web\CWebApplication.php(136): CWebApplication->runController('user/update')
#13 G:\Wamp\www\tis\yii\framework\base\CApplication.php(158): CWebApplication->processRequest()
#14 G:\Wamp\www\tis\index.php(13): CApplication->run()
#15 {main} REQUEST_URI=/tis/user/update?id=1
2012/11/12 20:29:59 [error] [exception.CException] exception 'CException' with message 'Property "CWebUser.isAdmin" is not defined.' in G:\Wamp\www\tis\yii\framework\base\CComponent.php:131
Stack trace:
#0 G:\Wamp\www\tis\yii\framework\web\auth\CWebUser.php(124): CComponent->__get('isAdmin')
#1 G:\Wamp\www\tis\protected\views\user\update.php(33): CWebUser->__get('isAdmin')
#2 G:\Wamp\www\tis\yii\framework\web\CBaseController.php(119): require('G:\Wamp\www\tis...')
#3 G:\Wamp\www\tis\yii\framework\web\CBaseController.php(88): CBaseController->renderInternal('G:\Wamp\www\tis...', Array, true)
#4 G:\Wamp\www\tis\yii\framework\web\CController.php(866): CBaseController->renderFile('G:\Wamp\www\tis...', Array, true)
#5 G:\Wamp\www\tis\yii\framework\web\CController.php(779): CController->renderPartial('update', Array, true)
#6 G:\Wamp\www\tis\protected\controllers\UserController.php(59): CController->render('update', Array)
#7 G:\Wamp\www\tis\yii\framework\web\actions\CInlineAction.php(50): UserController->actionUpdate()
#8 G:\Wamp\www\tis\yii\framework\web\CController.php(300): CInlineAction->runWithParams(Array)
#9 G:\Wamp\www\tis\yii\framework\web\CController.php(278): CController->runAction(Object(CInlineAction))
#10 G:\Wamp\www\tis\yii\framework\web\CController.php(257): CController->runActionWithFilters(Object(CInlineAction), Array)
#11 G:\Wamp\www\tis\yii\framework\web\CWebApplication.php(277): CController->run('update')
#12 G:\Wamp\www\tis\yii\framework\web\CWebApplication.php(136): CWebApplication->runController('user/update')
#13 G:\Wamp\www\tis\yii\framework\base\CApplication.php(158): CWebApplication->processRequest()
#14 G:\Wamp\www\tis\index.php(13): CApplication->run()
#15 {main} REQUEST_URI=/tis/user/update?id=1
2012/11/12 20:30:57 [error] [exception.CException] exception 'CException' with message 'Property "CWebUser.Admin" is not defined.' in G:\Wamp\www\tis\yii\framework\base\CComponent.php:131
Stack trace:
#0 G:\Wamp\www\tis\yii\framework\web\auth\CWebUser.php(124): CComponent->__get('Admin')
#1 G:\Wamp\www\tis\protected\views\user\update.php(33): CWebUser->__get('Admin')
#2 G:\Wamp\www\tis\yii\framework\web\CBaseController.php(119): require('G:\Wamp\www\tis...')
#3 G:\Wamp\www\tis\yii\framework\web\CBaseController.php(88): CBaseController->renderInternal('G:\Wamp\www\tis...', Array, true)
#4 G:\Wamp\www\tis\yii\framework\web\CController.php(866): CBaseController->renderFile('G:\Wamp\www\tis...', Array, true)
#5 G:\Wamp\www\tis\yii\framework\web\CController.php(779): CController->renderPartial('update', Array, true)
#6 G:\Wamp\www\tis\protected\controllers\UserController.php(59): CController->render('update', Array)
#7 G:\Wamp\www\tis\yii\framework\web\actions\CInlineAction.php(50): UserController->actionUpdate()
#8 G:\Wamp\www\tis\yii\framework\web\CController.php(300): CInlineAction->runWithParams(Array)
#9 G:\Wamp\www\tis\yii\framework\web\CController.php(278): CController->runAction(Object(CInlineAction))
#10 G:\Wamp\www\tis\yii\framework\web\CController.php(257): CController->runActionWithFilters(Object(CInlineAction), Array)
#11 G:\Wamp\www\tis\yii\framework\web\CWebApplication.php(277): CController->run('update')
#12 G:\Wamp\www\tis\yii\framework\web\CWebApplication.php(136): CWebApplication->runController('user/update')
#13 G:\Wamp\www\tis\yii\framework\base\CApplication.php(158): CWebApplication->processRequest()
#14 G:\Wamp\www\tis\index.php(13): CApplication->run()
#15 {main} REQUEST_URI=/tis/user/update?id=1
2012/11/12 20:48:25 [error] [exception.CException] exception 'CException' with message 'Property "CWebUser.Admin" is not defined.' in G:\Wamp\www\tis\yii\framework\base\CComponent.php:131
Stack trace:
#0 G:\Wamp\www\tis\yii\framework\web\auth\CWebUser.php(124): CComponent->__get('Admin')
#1 G:\Wamp\www\tis\protected\views\user\update.php(33): CWebUser->__get('Admin')
#2 G:\Wamp\www\tis\yii\framework\web\CBaseController.php(119): require('G:\Wamp\www\tis...')
#3 G:\Wamp\www\tis\yii\framework\web\CBaseController.php(88): CBaseController->renderInternal('G:\Wamp\www\tis...', Array, true)
#4 G:\Wamp\www\tis\yii\framework\web\CController.php(866): CBaseController->renderFile('G:\Wamp\www\tis...', Array, true)
#5 G:\Wamp\www\tis\yii\framework\web\CController.php(779): CController->renderPartial('update', Array, true)
#6 G:\Wamp\www\tis\protected\controllers\UserController.php(59): CController->render('update', Array)
#7 G:\Wamp\www\tis\yii\framework\web\actions\CInlineAction.php(50): UserController->actionUpdate()
#8 G:\Wamp\www\tis\yii\framework\web\CController.php(300): CInlineAction->runWithParams(Array)
#9 G:\Wamp\www\tis\yii\framework\web\CController.php(278): CController->runAction(Object(CInlineAction))
#10 G:\Wamp\www\tis\yii\framework\web\CController.php(257): CController->runActionWithFilters(Object(CInlineAction), Array)
#11 G:\Wamp\www\tis\yii\framework\web\CWebApplication.php(277): CController->run('update')
#12 G:\Wamp\www\tis\yii\framework\web\CWebApplication.php(136): CWebApplication->runController('user/update')
#13 G:\Wamp\www\tis\yii\framework\base\CApplication.php(158): CWebApplication->processRequest()
#14 G:\Wamp\www\tis\index.php(13): CApplication->run()
#15 {main} REQUEST_URI=/tis/user/update?id=1
2012/11/12 20:56:21 [error] [exception.CException] exception 'CException' with message 'Property "CWebUser.admin" is not defined.' in G:\Wamp\www\tis\yii\framework\base\CComponent.php:131
Stack trace:
#0 G:\Wamp\www\tis\yii\framework\web\auth\CWebUser.php(124): CComponent->__get('admin')
#1 G:\Wamp\www\tis\protected\views\user\update.php(33): CWebUser->__get('admin')
#2 G:\Wamp\www\tis\yii\framework\web\CBaseController.php(119): require('G:\Wamp\www\tis...')
#3 G:\Wamp\www\tis\yii\framework\web\CBaseController.php(88): CBaseController->renderInternal('G:\Wamp\www\tis...', Array, true)
#4 G:\Wamp\www\tis\yii\framework\web\CController.php(866): CBaseController->renderFile('G:\Wamp\www\tis...', Array, true)
#5 G:\Wamp\www\tis\yii\framework\web\CController.php(779): CController->renderPartial('update', Array, true)
#6 G:\Wamp\www\tis\protected\controllers\UserController.php(59): CController->render('update', Array)
#7 G:\Wamp\www\tis\yii\framework\web\actions\CInlineAction.php(50): UserController->actionUpdate()
#8 G:\Wamp\www\tis\yii\framework\web\CController.php(300): CInlineAction->runWithParams(Array)
#9 G:\Wamp\www\tis\yii\framework\web\CController.php(278): CController->runAction(Object(CInlineAction))
#10 G:\Wamp\www\tis\yii\framework\web\CController.php(257): CController->runActionWithFilters(Object(CInlineAction), Array)
#11 G:\Wamp\www\tis\yii\framework\web\CWebApplication.php(277): CController->run('update')
#12 G:\Wamp\www\tis\yii\framework\web\CWebApplication.php(136): CWebApplication->runController('user/update')
#13 G:\Wamp\www\tis\yii\framework\base\CApplication.php(158): CWebApplication->processRequest()
#14 G:\Wamp\www\tis\index.php(13): CApplication->run()
#15 {main} REQUEST_URI=/tis/user/update?id=1
2012/11/12 21:11:09 [error] [php] include(User.php) [<a href='function.include'>function.include</a>]: failed to open stream: No such file or directory (G:\Wamp\www\tis\yii\framework\YiiBase.php:421)
Stack trace:
#0 G:\Wamp\www\tis\protected\views\user\update.php(21): spl_autoload_call()
#1 G:\Wamp\www\tis\yii\framework\web\CBaseController.php(119): require()
#2 G:\Wamp\www\tis\yii\framework\web\CBaseController.php(88): UserController->renderInternal()
#3 G:\Wamp\www\tis\yii\framework\web\CController.php(866): UserController->renderFile()
#4 G:\Wamp\www\tis\yii\framework\web\CController.php(779): UserController->renderPartial()
#5 G:\Wamp\www\tis\protected\controllers\UserController.php(59): UserController->render()
#6 G:\Wamp\www\tis\yii\framework\web\actions\CInlineAction.php(50): UserController->actionUpdate()
#7 G:\Wamp\www\tis\yii\framework\web\CController.php(300): CInlineAction->runWithParams()
#8 G:\Wamp\www\tis\yii\framework\web\CController.php(278): UserController->runAction()
#9 G:\Wamp\www\tis\yii\framework\web\CController.php(257): UserController->runActionWithFilters()
#10 G:\Wamp\www\tis\yii\framework\web\CWebApplication.php(277): UserController->run()
#11 G:\Wamp\www\tis\yii\framework\web\CWebApplication.php(136): CWebApplication->runController()
#12 G:\Wamp\www\tis\yii\framework\base\CApplication.php(158): CWebApplication->processRequest()
#13 G:\Wamp\www\tis\index.php(13): CWebApplication->run()
REQUEST_URI=/tis/user/update?id=1
in G:\Wamp\www\tis\protected\views\user\update.php (21)
in G:\Wamp\www\tis\protected\controllers\UserController.php (59)
in G:\Wamp\www\tis\index.php (13)
2012/11/12 21:11:16 [error] [php] Trying to get property of non-object (G:\Wamp\www\tis\protected\views\user\update.php:21)
Stack trace:
#0 G:\Wamp\www\tis\yii\framework\web\CController.php(866): UserController->renderFile()
#1 G:\Wamp\www\tis\yii\framework\web\CController.php(779): UserController->renderPartial()
#2 G:\Wamp\www\tis\protected\controllers\UserController.php(59): UserController->render()
#3 G:\Wamp\www\tis\yii\framework\web\actions\CInlineAction.php(50): UserController->actionUpdate()
#4 G:\Wamp\www\tis\yii\framework\web\CController.php(300): CInlineAction->runWithParams()
#5 G:\Wamp\www\tis\yii\framework\web\CController.php(278): UserController->runAction()
#6 G:\Wamp\www\tis\yii\framework\web\CController.php(257): UserController->runActionWithFilters()
#7 G:\Wamp\www\tis\yii\framework\web\CWebApplication.php(277): UserController->run()
#8 G:\Wamp\www\tis\yii\framework\web\CWebApplication.php(136): CWebApplication->runController()
#9 G:\Wamp\www\tis\yii\framework\base\CApplication.php(158): CWebApplication->processRequest()
#10 G:\Wamp\www\tis\index.php(13): CWebApplication->run()
REQUEST_URI=/tis/user/update?id=1
in G:\Wamp\www\tis\protected\views\user\update.php (21)
in G:\Wamp\www\tis\protected\controllers\UserController.php (59)
in G:\Wamp\www\tis\index.php (13)
2012/11/16 13:13:23 [error] [exception.CHttpException.404] exception 'CHttpException' with message 'The system is unable to find the requested action "index".' in G:\Wamp\www\tis\yii\framework\web\CController.php:477
Stack trace:
#0 G:\Wamp\www\tis\yii\framework\web\CController.php(262): CController->missingAction('')
#1 G:\Wamp\www\tis\yii\framework\web\CWebApplication.php(277): CController->run('')
#2 G:\Wamp\www\tis\yii\framework\web\CWebApplication.php(136): CWebApplication->runController('test')
#3 G:\Wamp\www\tis\yii\framework\base\CApplication.php(158): CWebApplication->processRequest()
#4 G:\Wamp\www\tis\index.php(13): CApplication->run()
#5 {main} REQUEST_URI=/tis/test
2012/11/16 13:13:24 [error] [exception.CHttpException.404] exception 'CHttpException' with message 'The system is unable to find the requested action "index".' in G:\Wamp\www\tis\yii\framework\web\CController.php:477
Stack trace:
#0 G:\Wamp\www\tis\yii\framework\web\CController.php(262): CController->missingAction('')
#1 G:\Wamp\www\tis\yii\framework\web\CWebApplication.php(277): CController->run('')
#2 G:\Wamp\www\tis\yii\framework\web\CWebApplication.php(136): CWebApplication->runController('studentList')
#3 G:\Wamp\www\tis\yii\framework\base\CApplication.php(158): CWebApplication->processRequest()
#4 G:\Wamp\www\tis\index.php(13): CApplication->run()
#5 {main} REQUEST_URI=/tis/studentList
2012/11/16 13:13:25 [error] [exception.CHttpException.404] exception 'CHttpException' with message 'Unable to resolve the request "invite".' in G:\Wamp\www\tis\yii\framework\web\CWebApplication.php:281
Stack trace:
#0 G:\Wamp\www\tis\yii\framework\web\CWebApplication.php(136): CWebApplication->runController('invite')
#1 G:\Wamp\www\tis\yii\framework\base\CApplication.php(158): CWebApplication->processRequest()
#2 G:\Wamp\www\tis\index.php(13): CApplication->run()
#3 {main} REQUEST_URI=/tis/invite
2012/11/16 13:13:37 [error] [exception.CHttpException.404] exception 'CHttpException' with message 'The system is unable to find the requested action "index".' in G:\Wamp\www\tis\yii\framework\web\CController.php:477
Stack trace:
#0 G:\Wamp\www\tis\yii\framework\web\CController.php(262): CController->missingAction('')
#1 G:\Wamp\www\tis\yii\framework\web\CWebApplication.php(277): CController->run('')
#2 G:\Wamp\www\tis\yii\framework\web\CWebApplication.php(136): CWebApplication->runController('test')
#3 G:\Wamp\www\tis\yii\framework\base\CApplication.php(158): CWebApplication->processRequest()
#4 G:\Wamp\www\tis\index.php(13): CApplication->run()
#5 {main} REQUEST_URI=/tis/test
2012/11/16 13:13:39 [error] [exception.CHttpException.404] exception 'CHttpException' with message 'The system is unable to find the requested action "index".' in G:\Wamp\www\tis\yii\framework\web\CController.php:477
Stack trace:
#0 G:\Wamp\www\tis\yii\framework\web\CController.php(262): CController->missingAction('')
#1 G:\Wamp\www\tis\yii\framework\web\CWebApplication.php(277): CController->run('')
#2 G:\Wamp\www\tis\yii\framework\web\CWebApplication.php(136): CWebApplication->runController('test')
#3 G:\Wamp\www\tis\yii\framework\base\CApplication.php(158): CWebApplication->processRequest()
#4 G:\Wamp\www\tis\index.php(13): CApplication->run()
#5 {main} REQUEST_URI=/tis/test
2012/11/16 13:13:40 [error] [exception.CHttpException.404] exception 'CHttpException' with message 'The system is unable to find the requested action "index".' in G:\Wamp\www\tis\yii\framework\web\CController.php:477
Stack trace:
#0 G:\Wamp\www\tis\yii\framework\web\CController.php(262): CController->missingAction('')
#1 G:\Wamp\www\tis\yii\framework\web\CWebApplication.php(277): CController->run('')
#2 G:\Wamp\www\tis\yii\framework\web\CWebApplication.php(136): CWebApplication->runController('studentList')
#3 G:\Wamp\www\tis\yii\framework\base\CApplication.php(158): CWebApplication->processRequest()
#4 G:\Wamp\www\tis\index.php(13): CApplication->run()
#5 {main} REQUEST_URI=/tis/studentList
2012/11/16 13:13:41 [error] [exception.CHttpException.404] exception 'CHttpException' with message 'The system is unable to find the requested action "index".' in G:\Wamp\www\tis\yii\framework\web\CController.php:477
Stack trace:
#0 G:\Wamp\www\tis\yii\framework\web\CController.php(262): CController->missingAction('')
#1 G:\Wamp\www\tis\yii\framework\web\CWebApplication.php(277): CController->run('')
#2 G:\Wamp\www\tis\yii\framework\web\CWebApplication.php(136): CWebApplication->runController('test')
#3 G:\Wamp\www\tis\yii\framework\base\CApplication.php(158): CWebApplication->processRequest()
#4 G:\Wamp\www\tis\index.php(13): CApplication->run()
#5 {main} REQUEST_URI=/tis/test
2012/11/16 13:20:02 [error] [exception.CHttpException.404] exception 'CHttpException' with message 'The system is unable to find the requested action "index".' in G:\Wamp\www\tis\yii\framework\web\CController.php:477
Stack trace:
#0 G:\Wamp\www\tis\yii\framework\web\CController.php(262): CController->missingAction('')
#1 G:\Wamp\www\tis\yii\framework\web\CWebApplication.php(277): CController->run('')
#2 G:\Wamp\www\tis\yii\framework\web\CWebApplication.php(136): CWebApplication->runController('studentList')
#3 G:\Wamp\www\tis\yii\framework\base\CApplication.php(158): CWebApplication->processRequest()
#4 G:\Wamp\www\tis\index.php(13): CApplication->run()
#5 {main} REQUEST_URI=/tis/studentList
2012/11/16 13:20:02 [error] [exception.CHttpException.404] exception 'CHttpException' with message 'The system is unable to find the requested action "index".' in G:\Wamp\www\tis\yii\framework\web\CController.php:477
Stack trace:
#0 G:\Wamp\www\tis\yii\framework\web\CController.php(262): CController->missingAction('')
#1 G:\Wamp\www\tis\yii\framework\web\CWebApplication.php(277): CController->run('')
#2 G:\Wamp\www\tis\yii\framework\web\CWebApplication.php(136): CWebApplication->runController('test')
#3 G:\Wamp\www\tis\yii\framework\base\CApplication.php(158): CWebApplication->processRequest()
#4 G:\Wamp\www\tis\index.php(13): CApplication->run()
#5 {main} REQUEST_URI=/tis/test
2012/11/16 13:20:03 [error] [exception.CHttpException.404] exception 'CHttpException' with message 'The system is unable to find the requested action "index".' in G:\Wamp\www\tis\yii\framework\web\CController.php:477
Stack trace:
#0 G:\Wamp\www\tis\yii\framework\web\CController.php(262): CController->missingAction('')
#1 G:\Wamp\www\tis\yii\framework\web\CWebApplication.php(277): CController->run('')
#2 G:\Wamp\www\tis\yii\framework\web\CWebApplication.php(136): CWebApplication->runController('studentList')
#3 G:\Wamp\www\tis\yii\framework\base\CApplication.php(158): CWebApplication->processRequest()
#4 G:\Wamp\www\tis\index.php(13): CApplication->run()
#5 {main} REQUEST_URI=/tis/studentList
2012/11/16 14:05:39 [error] [php] Undefined property: WebUser::$id (G:\Wamp\www\tis\protected\components\WebUser.php:13)
Stack trace:
#0 G:\Wamp\www\tis\protected\controllers\UserController.php(59): WebUser->__get()
#1 G:\Wamp\www\tis\yii\framework\web\actions\CInlineAction.php(50): UserController->actionView()
#2 G:\Wamp\www\tis\yii\framework\web\CController.php(300): CInlineAction->runWithParams()
#3 G:\Wamp\www\tis\yii\framework\web\CController.php(278): UserController->runAction()
#4 G:\Wamp\www\tis\yii\framework\web\CController.php(257): UserController->runActionWithFilters()
#5 G:\Wamp\www\tis\yii\framework\web\CWebApplication.php(277): UserController->run()
#6 G:\Wamp\www\tis\yii\framework\web\CWebApplication.php(136): CWebApplication->runController()
#7 G:\Wamp\www\tis\yii\framework\base\CApplication.php(158): CWebApplication->processRequest()
#8 G:\Wamp\www\tis\index.php(13): CWebApplication->run()
REQUEST_URI=/tis/user
in G:\Wamp\www\tis\protected\components\WebUser.php (13)
in G:\Wamp\www\tis\protected\controllers\UserController.php (59)
in G:\Wamp\www\tis\index.php (13)
2012/11/16 14:06:24 [error] [exception.CHttpException.404] exception 'CHttpException' with message 'Zadany pouzivatel neexistuje' in G:\Wamp\www\tis\protected\controllers\UserController.php:66
Stack trace:
#0 G:\Wamp\www\tis\yii\framework\web\actions\CInlineAction.php(50): UserController->actionView()
#1 G:\Wamp\www\tis\yii\framework\web\CController.php(300): CInlineAction->runWithParams(Array)
#2 G:\Wamp\www\tis\yii\framework\web\CController.php(278): CController->runAction(Object(CInlineAction))
#3 G:\Wamp\www\tis\yii\framework\web\CController.php(257): CController->runActionWithFilters(Object(CInlineAction), Array)
#4 G:\Wamp\www\tis\yii\framework\web\CWebApplication.php(277): CController->run('')
#5 G:\Wamp\www\tis\yii\framework\web\CWebApplication.php(136): CWebApplication->runController('user')
#6 G:\Wamp\www\tis\yii\framework\base\CApplication.php(158): CWebApplication->processRequest()
#7 G:\Wamp\www\tis\index.php(13): CApplication->run()
#8 {main} REQUEST_URI=/tis/user
2012/11/16 14:13:23 [error] [exception.CHttpException.404] exception 'CHttpException' with message 'Zadany pouzivatel neexistuje' in G:\Wamp\www\tis\protected\controllers\UserController.php:66
Stack trace:
#0 G:\Wamp\www\tis\yii\framework\web\actions\CInlineAction.php(50): UserController->actionView()
#1 G:\Wamp\www\tis\yii\framework\web\CController.php(300): CInlineAction->runWithParams(Array)
#2 G:\Wamp\www\tis\yii\framework\web\CController.php(278): CController->runAction(Object(CInlineAction))
#3 G:\Wamp\www\tis\yii\framework\web\CController.php(257): CController->runActionWithFilters(Object(CInlineAction), Array)
#4 G:\Wamp\www\tis\yii\framework\web\CWebApplication.php(277): CController->run('')
#5 G:\Wamp\www\tis\yii\framework\web\CWebApplication.php(136): CWebApplication->runController('user')
#6 G:\Wamp\www\tis\yii\framework\base\CApplication.php(158): CWebApplication->processRequest()
#7 G:\Wamp\www\tis\index.php(13): CApplication->run()
#8 {main} REQUEST_URI=/tis/user
2012/11/16 14:17:45 [error] [exception.CHttpException.404] exception 'CHttpException' with message 'Zadany pouzivatel neexistuje' in G:\Wamp\www\tis\protected\controllers\UserController.php:66
Stack trace:
#0 G:\Wamp\www\tis\yii\framework\web\actions\CInlineAction.php(50): UserController->actionView()
#1 G:\Wamp\www\tis\yii\framework\web\CController.php(300): CInlineAction->runWithParams(Array)
#2 G:\Wamp\www\tis\yii\framework\web\CController.php(278): CController->runAction(Object(CInlineAction))
#3 G:\Wamp\www\tis\yii\framework\web\CController.php(257): CController->runActionWithFilters(Object(CInlineAction), Array)
#4 G:\Wamp\www\tis\yii\framework\web\CWebApplication.php(277): CController->run('')
#5 G:\Wamp\www\tis\yii\framework\web\CWebApplication.php(136): CWebApplication->runController('user')
#6 G:\Wamp\www\tis\yii\framework\base\CApplication.php(158): CWebApplication->processRequest()
#7 G:\Wamp\www\tis\index.php(13): CApplication->run()
#8 {main} REQUEST_URI=/tis/user
2012/11/16 14:21:08 [error] [exception.CException] exception 'CException' with message 'UserController cannot find the requested view "subnavigation".' in G:\Wamp\www\tis\yii\framework\web\CController.php:875
Stack trace:
#0 G:\Wamp\www\tis\protected\views\layouts\main.php(50): CController->renderPartial('subnavigation', Array)
#1 G:\Wamp\www\tis\yii\framework\web\CBaseController.php(119): require('G:\Wamp\www\tis...')
#2 G:\Wamp\www\tis\yii\framework\web\CBaseController.php(88): CBaseController->renderInternal('G:\Wamp\www\tis...', Array, true)
#3 G:\Wamp\www\tis\yii\framework\web\widgets\CContentDecorator.php(78): CBaseController->renderFile('G:\Wamp\www\tis...', Array, true)
#4 G:\Wamp\www\tis\yii\framework\web\widgets\CContentDecorator.php(56): CContentDecorator->decorate('<div class="con...')
#5 G:\Wamp\www\tis\yii\framework\web\widgets\COutputProcessor.php(45): CContentDecorator->processOutput('<div class="con...')
#6 G:\Wamp\www\tis\yii\framework\web\CBaseController.php(199): COutputProcessor->run()
#7 G:\Wamp\www\tis\yii\framework\web\CBaseController.php(294): CBaseController->endWidget('CContentDecorat...')
#8 G:\Wamp\www\tis\protected\views\layouts\column1.php(7): CBaseController->endContent()
#9 G:\Wamp\www\tis\yii\framework\web\CBaseController.php(119): require('G:\Wamp\www\tis...')
#10 G:\Wamp\www\tis\yii\framework\web\CBaseController.php(88): CBaseController->renderInternal('G:\Wamp\www\tis...', Array, true)
#11 G:\Wamp\www\tis\yii\framework\web\CController.php(781): CBaseController->renderFile('G:\Wamp\www\tis...', Array, true)
#12 G:\Wamp\www\tis\protected\controllers\UserController.php(63): CController->render('view', Array)
#13 G:\Wamp\www\tis\yii\framework\web\actions\CInlineAction.php(50): UserController->actionView()
#14 G:\Wamp\www\tis\yii\framework\web\CController.php(300): CInlineAction->runWithParams(Array)
#15 G:\Wamp\www\tis\yii\framework\web\CController.php(278): CController->runAction(Object(CInlineAction))
#16 G:\Wamp\www\tis\yii\framework\web\CController.php(257): CController->runActionWithFilters(Object(CInlineAction), Array)
#17 G:\Wamp\www\tis\yii\framework\web\CWebApplication.php(277): CController->run('')
#18 G:\Wamp\www\tis\yii\framework\web\CWebApplication.php(136): CWebApplication->runController('user')
#19 G:\Wamp\www\tis\yii\framework\base\CApplication.php(158): CWebApplication->processRequest()
#20 G:\Wamp\www\tis\index.php(13): CApplication->run()
#21 {main} REQUEST_URI=/tis/user
2012/11/16 14:22:20 [error] [exception.CHttpException.404] exception 'CHttpException' with message 'The system is unable to find the requested action "index".' in G:\Wamp\www\tis\yii\framework\web\CController.php:477
Stack trace:
#0 G:\Wamp\www\tis\yii\framework\web\CController.php(262): CController->missingAction('')
#1 G:\Wamp\www\tis\yii\framework\web\CWebApplication.php(277): CController->run('')
#2 G:\Wamp\www\tis\yii\framework\web\CWebApplication.php(136): CWebApplication->runController('test')
#3 G:\Wamp\www\tis\yii\framework\base\CApplication.php(158): CWebApplication->processRequest()
#4 G:\Wamp\www\tis\index.php(13): CApplication->run()
#5 {main} REQUEST_URI=/tis/test
2012/11/16 14:22:21 [error] [exception.CHttpException.404] exception 'CHttpException' with message 'Unable to resolve the request "invite".' in G:\Wamp\www\tis\yii\framework\web\CWebApplication.php:281
Stack trace:
#0 G:\Wamp\www\tis\yii\framework\web\CWebApplication.php(136): CWebApplication->runController('invite')
#1 G:\Wamp\www\tis\yii\framework\base\CApplication.php(158): CWebApplication->processRequest()
#2 G:\Wamp\www\tis\index.php(13): CApplication->run()
#3 {main} REQUEST_URI=/tis/invite
2012/11/16 14:22:33 [error] [exception.CHttpException.404] exception 'CHttpException' with message 'The system is unable to find the requested action "index".' in G:\Wamp\www\tis\yii\framework\web\CController.php:477
Stack trace:
#0 G:\Wamp\www\tis\yii\framework\web\CController.php(262): CController->missingAction('')
#1 G:\Wamp\www\tis\yii\framework\web\CWebApplication.php(277): CController->run('')
#2 G:\Wamp\www\tis\yii\framework\web\CWebApplication.php(136): CWebApplication->runController('test')
#3 G:\Wamp\www\tis\yii\framework\base\CApplication.php(158): CWebApplication->processRequest()
#4 G:\Wamp\www\tis\index.php(13): CApplication->run()
#5 {main} REQUEST_URI=/tis/test
2012/11/16 14:23:03 [error] [exception.CHttpException.404] exception 'CHttpException' with message 'Unable to resolve the request "images/alt_star.gif".' in G:\Wamp\www\tis\yii\framework\web\CWebApplication.php:281
Stack trace:
#0 G:\Wamp\www\tis\yii\framework\web\CWebApplication.php(136): CWebApplication->runController('images/alt_star...')
#1 G:\Wamp\www\tis\yii\framework\base\CApplication.php(158): CWebApplication->processRequest()
#2 G:\Wamp\www\tis\index.php(13): CApplication->run()
#3 {main} REQUEST_URI=/tis/images/alt_star.gif
2012/11/16 14:23:15 [error] [exception.CHttpException.404] exception 'CHttpException' with message 'Unable to resolve the request "images/alt_star.gif".' in G:\Wamp\www\tis\yii\framework\web\CWebApplication.php:281
Stack trace:
#0 G:\Wamp\www\tis\yii\framework\web\CWebApplication.php(136): CWebApplication->runController('images/alt_star...')
#1 G:\Wamp\www\tis\yii\framework\base\CApplication.php(158): CWebApplication->processRequest()
#2 G:\Wamp\www\tis\index.php(13): CApplication->run()
#3 {main} REQUEST_URI=/tis/images/alt_star.gif
2012/11/16 14:27:23 [error] [exception.CHttpException.404] exception 'CHttpException' with message 'Unable to resolve the request "invite".' in G:\Wamp\www\tis\yii\framework\web\CWebApplication.php:281
Stack trace:
#0 G:\Wamp\www\tis\yii\framework\web\CWebApplication.php(136): CWebApplication->runController('invite')
#1 G:\Wamp\www\tis\yii\framework\base\CApplication.php(158): CWebApplication->processRequest()
#2 G:\Wamp\www\tis\index.php(13): CApplication->run()
#3 {main} REQUEST_URI=/tis/invite
2012/11/16 14:28:49 [error] [exception.CHttpException.404] exception 'CHttpException' with message 'Unable to resolve the request "invite".' in G:\Wamp\www\tis\yii\framework\web\CWebApplication.php:281
Stack trace:
#0 G:\Wamp\www\tis\yii\framework\web\CWebApplication.php(136): CWebApplication->runController('invite')
#1 G:\Wamp\www\tis\yii\framework\base\CApplication.php(158): CWebApplication->processRequest()
#2 G:\Wamp\www\tis\index.php(13): CApplication->run()
#3 {main} REQUEST_URI=/tis/invite
2012/11/16 14:28:50 [error] [exception.CException] exception 'CException' with message 'StudentLists and its behaviors do not have a method or closure named "search".' in G:\Wamp\www\tis\yii\framework\base\CComponent.php:269
Stack trace:
#0 G:\Wamp\www\tis\yii\framework\db\ar\CActiveRecord.php(214): CComponent->__call('search', Array)
#1 G:\Wamp\www\tis\protected\views\studentList\find.php(9): CActiveRecord->__call('search', Array)
#2 G:\Wamp\www\tis\protected\views\studentList\find.php(9): StudentLists->search()
#3 G:\Wamp\www\tis\yii\framework\web\CBaseController.php(119): require('G:\Wamp\www\tis...')
#4 G:\Wamp\www\tis\yii\framework\web\CBaseController.php(88): CBaseController->renderInternal('G:\Wamp\www\tis...', Array, true)
#5 G:\Wamp\www\tis\yii\framework\web\CController.php(866): CBaseController->renderFile('G:\Wamp\www\tis...', Array, true)
#6 G:\Wamp\www\tis\yii\framework\web\CController.php(779): CController->renderPartial('find', Array, true)
#7 G:\Wamp\www\tis\protected\controllers\StudentListController.php(59): CController->render('find', Array)
#8 G:\Wamp\www\tis\yii\framework\web\actions\CInlineAction.php(50): StudentListController->actionFind()
#9 G:\Wamp\www\tis\yii\framework\web\CController.php(300): CInlineAction->runWithParams(Array)
#10 G:\Wamp\www\tis\yii\framework\web\CController.php(278): CController->runAction(Object(CInlineAction))
#11 G:\Wamp\www\tis\yii\framework\web\CController.php(257): CController->runActionWithFilters(Object(CInlineAction), Array)
#12 G:\Wamp\www\tis\yii\framework\web\CWebApplication.php(277): CController->run('')
#13 G:\Wamp\www\tis\yii\framework\web\CWebApplication.php(136): CWebApplication->runController('studentList')
#14 G:\Wamp\www\tis\yii\framework\base\CApplication.php(158): CWebApplication->processRequest()
#15 G:\Wamp\www\tis\index.php(13): CApplication->run()
#16 {main} REQUEST_URI=/tis/studentList
2012/11/16 14:30:04 [error] [exception.CHttpException.404] exception 'CHttpException' with message 'Unable to resolve the request "invite".' in G:\Wamp\www\tis\yii\framework\web\CWebApplication.php:281
Stack trace:
#0 G:\Wamp\www\tis\yii\framework\web\CWebApplication.php(136): CWebApplication->runController('invite')
#1 G:\Wamp\www\tis\yii\framework\base\CApplication.php(158): CWebApplication->processRequest()
#2 G:\Wamp\www\tis\index.php(13): CApplication->run()
#3 {main} REQUEST_URI=/tis/invite
2012/11/16 14:30:05 [error] [exception.CHttpException.404] exception 'CHttpException' with message 'Unable to resolve the request "invite".' in G:\Wamp\www\tis\yii\framework\web\CWebApplication.php:281
Stack trace:
#0 G:\Wamp\www\tis\yii\framework\web\CWebApplication.php(136): CWebApplication->runController('invite')
#1 G:\Wamp\www\tis\yii\framework\base\CApplication.php(158): CWebApplication->processRequest()
#2 G:\Wamp\www\tis\index.php(13): CApplication->run()
#3 {main} REQUEST_URI=/tis/invite
2012/11/16 14:30:09 [error] [exception.CHttpException.404] exception 'CHttpException' with message 'Unable to resolve the request "invite".' in G:\Wamp\www\tis\yii\framework\web\CWebApplication.php:281
Stack trace:
#0 G:\Wamp\www\tis\yii\framework\web\CWebApplication.php(136): CWebApplication->runController('invite')
#1 G:\Wamp\www\tis\yii\framework\base\CApplication.php(158): CWebApplication->processRequest()
#2 G:\Wamp\www\tis\index.php(13): CApplication->run()
#3 {main} REQUEST_URI=/tis/invite
2012/11/16 14:44:09 [error] [exception.CHttpException.404] exception 'CHttpException' with message 'The system is unable to find the requested action "edit".' in G:\Wamp\www\tis\yii\framework\web\CController.php:477
Stack trace:
#0 G:\Wamp\www\tis\yii\framework\web\CController.php(262): CController->missingAction('edit')
#1 G:\Wamp\www\tis\yii\framework\web\CWebApplication.php(277): CController->run('edit')
#2 G:\Wamp\www\tis\yii\framework\web\CWebApplication.php(136): CWebApplication->runController('user/edit')
#3 G:\Wamp\www\tis\yii\framework\base\CApplication.php(158): CWebApplication->processRequest()
#4 G:\Wamp\www\tis\index.php(13): CApplication->run()
#5 {main} REQUEST_URI=/tis/user/edit
2012/11/16 14:44:14 [error] [exception.CHttpException.404] exception 'CHttpException' with message 'Zadany pouzivatel neexistuje' in G:\Wamp\www\tis\protected\controllers\UserController.php:86
Stack trace:
#0 G:\Wamp\www\tis\yii\framework\web\actions\CInlineAction.php(50): UserController->actionUpdate()
#1 G:\Wamp\www\tis\yii\framework\web\CController.php(300): CInlineAction->runWithParams(Array)
#2 G:\Wamp\www\tis\yii\framework\web\CController.php(278): CController->runAction(Object(CInlineAction))
#3 G:\Wamp\www\tis\yii\framework\web\CController.php(257): CController->runActionWithFilters(Object(CInlineAction), Array)
#4 G:\Wamp\www\tis\yii\framework\web\CWebApplication.php(277): CController->run('update')
#5 G:\Wamp\www\tis\yii\framework\web\CWebApplication.php(136): CWebApplication->runController('user/update')
#6 G:\Wamp\www\tis\yii\framework\base\CApplication.php(158): CWebApplication->processRequest()
#7 G:\Wamp\www\tis\index.php(13): CApplication->run()
#8 {main} REQUEST_URI=/tis/user/update
2012/11/16 14:45:02 [error] [php] include(User.php) [<a href='function.include'>function.include</a>]: failed to open stream: No such file or directory (G:\Wamp\www\tis\yii\framework\YiiBase.php:421)
Stack trace:
#0 G:\Wamp\www\tis\protected\controllers\UserController.php(78): spl_autoload_call()
#1 G:\Wamp\www\tis\yii\framework\web\actions\CInlineAction.php(50): UserController->actionUpdate()
#2 G:\Wamp\www\tis\yii\framework\web\CController.php(300): CInlineAction->runWithParams()
#3 G:\Wamp\www\tis\yii\framework\web\CController.php(278): UserController->runAction()
#4 G:\Wamp\www\tis\yii\framework\web\CController.php(257): UserController->runActionWithFilters()
#5 G:\Wamp\www\tis\yii\framework\web\CWebApplication.php(277): UserController->run()
#6 G:\Wamp\www\tis\yii\framework\web\CWebApplication.php(136): CWebApplication->runController()
#7 G:\Wamp\www\tis\yii\framework\base\CApplication.php(158): CWebApplication->processRequest()
#8 G:\Wamp\www\tis\index.php(13): CWebApplication->run()
REQUEST_URI=/tis/user/update
in G:\Wamp\www\tis\protected\controllers\UserController.php (78)
in G:\Wamp\www\tis\index.php (13)
2012/11/16 14:46:35 [error] [exception.CHttpException.404] exception 'CHttpException' with message 'The system is unable to find the requested action "edit".' in G:\Wamp\www\tis\yii\framework\web\CController.php:477
Stack trace:
#0 G:\Wamp\www\tis\yii\framework\web\CController.php(262): CController->missingAction('edit')
#1 G:\Wamp\www\tis\yii\framework\web\CWebApplication.php(277): CController->run('edit')
#2 G:\Wamp\www\tis\yii\framework\web\CWebApplication.php(136): CWebApplication->runController('user/edit/1')
#3 G:\Wamp\www\tis\yii\framework\base\CApplication.php(158): CWebApplication->processRequest()
#4 G:\Wamp\www\tis\index.php(13): CApplication->run()
#5 {main} REQUEST_URI=/tis/user/edit/1
2012/11/16 15:18:39 [warning] [application] Failed to set unsafe attribute "full_name" of "Users".
in G:\Wamp\www\tis\protected\controllers\UserController.php (82)
in G:\Wamp\www\tis\index.php (13)
2012/11/16 15:18:42 [warning] [application] Failed to set unsafe attribute "full_name" of "Users".
in G:\Wamp\www\tis\protected\controllers\UserController.php (82)
in G:\Wamp\www\tis\index.php (13)
2012/11/16 15:21:18 [error] [exception.CHttpException.404] exception 'CHttpException' with message 'Unable to resolve the request "invite".' in G:\Wamp\www\tis\yii\framework\web\CWebApplication.php:281
Stack trace:
#0 G:\Wamp\www\tis\yii\framework\web\CWebApplication.php(136): CWebApplication->runController('invite')
#1 G:\Wamp\www\tis\yii\framework\base\CApplication.php(158): CWebApplication->processRequest()
#2 G:\Wamp\www\tis\index.php(13): CApplication->run()
#3 {main} REQUEST_URI=/tis/invite
2012/11/16 15:23:10 [error] [exception.CException] exception 'CException' with message 'Property "Users.name" is not defined.' in G:\Wamp\www\tis\yii\framework\base\CComponent.php:131
Stack trace:
#0 G:\Wamp\www\tis\yii\framework\db\ar\CActiveRecord.php(129): CComponent->__get('name')
#1 G:\Wamp\www\tis\yii\framework\web\helpers\CHtml.php(2063): CActiveRecord->__get('name')
#2 G:\Wamp\www\tis\yii\framework\web\helpers\CHtml.php(1791): CHtml::resolveValue(Object(Users), 'name')
#3 G:\Wamp\www\tis\yii\framework\web\helpers\CHtml.php(1199): CHtml::activeInputField('text', Object(Users), 'name', Array)
#4 G:\Wamp\www\tis\yii\framework\zii\widgets\grid\CDataColumn.php(99): CHtml::activeTextField(Object(Users), 'name', Array)
#5 G:\Wamp\www\tis\yii\framework\zii\widgets\grid\CGridColumn.php(103): CDataColumn->renderFilterCellContent()
#6 G:\Wamp\www\tis\yii\framework\zii\widgets\grid\CGridView.php(445): CGridColumn->renderFilterCell()
#7 G:\Wamp\www\tis\yii\framework\zii\widgets\grid\CGridView.php(423): CGridView->renderFilter()
#8 G:\Wamp\www\tis\yii\framework\zii\widgets\grid\CGridView.php(393): CGridView->renderTableHeader()
#9 G:\Wamp\www\tis\yii\framework\zii\widgets\CBaseListView.php(158): CGridView->renderItems()
#10 [internal function]: CBaseListView->renderSection(Array)
#11 G:\Wamp\www\tis\yii\framework\zii\widgets\CBaseListView.php(141): preg_replace_callback('/{(\w+)}/', Array, '{summary}?{item...')
#12 G:\Wamp\www\tis\yii\framework\zii\widgets\CBaseListView.php(126): CBaseListView->renderContent()
#13 G:\Wamp\www\tis\yii\framework\web\CBaseController.php(166): CBaseListView->run()
#14 G:\Wamp\www\tis\protected\views\user\find.php(32): CBaseController->widget('zii.widgets.gri...', Array)
#15 G:\Wamp\www\tis\yii\framework\web\CBaseController.php(119): require('G:\Wamp\www\tis...')
#16 G:\Wamp\www\tis\yii\framework\web\CBaseController.php(88): CBaseController->renderInternal('G:\Wamp\www\tis...', Array, true)
#17 G:\Wamp\www\tis\yii\framework\web\CController.php(866): CBaseController->renderFile('G:\Wamp\www\tis...', Array, true)
#18 G:\Wamp\www\tis\yii\framework\web\CController.php(779): CController->renderPartial('find', Array, true)
#19 G:\Wamp\www\tis\protected\controllers\UserController.php(110): CController->render('find', Array)
#20 G:\Wamp\www\tis\yii\framework\web\actions\CInlineAction.php(50): UserController->actionFind()
#21 G:\Wamp\www\tis\yii\framework\web\CController.php(300): CInlineAction->runWithParams(Array)
#22 G:\Wamp\www\tis\yii\framework\web\CController.php(278): CController->runAction(Object(CInlineAction))
#23 G:\Wamp\www\tis\yii\framework\web\CController.php(257): CController->runActionWithFilters(Object(CInlineAction), Array)
#24 G:\Wamp\www\tis\yii\framework\web\CWebApplication.php(277): CController->run('find')
#25 G:\Wamp\www\tis\yii\framework\web\CWebApplication.php(136): CWebApplication->runController('user/find')
#26 G:\Wamp\www\tis\yii\framework\base\CApplication.php(158): CWebApplication->processRequest()
#27 G:\Wamp\www\tis\index.php(13): CApplication->run()
#28 {main} REQUEST_URI=/tis/user/find
2012/11/16 15:23:45 [error] [exception.CException] exception 'CException' with message 'Property "Users.login" is not defined.' in G:\Wamp\www\tis\yii\framework\base\CComponent.php:131
Stack trace:
#0 G:\Wamp\www\tis\yii\framework\db\ar\CActiveRecord.php(129): CComponent->__get('login')
#1 G:\Wamp\www\tis\yii\framework\web\helpers\CHtml.php(2063): CActiveRecord->__get('login')
#2 G:\Wamp\www\tis\yii\framework\web\helpers\CHtml.php(1791): CHtml::resolveValue(Object(Users), 'login')
#3 G:\Wamp\www\tis\yii\framework\web\helpers\CHtml.php(1199): CHtml::activeInputField('text', Object(Users), 'login', Array)
#4 G:\Wamp\www\tis\yii\framework\zii\widgets\grid\CDataColumn.php(99): CHtml::activeTextField(Object(Users), 'login', Array)
#5 G:\Wamp\www\tis\yii\framework\zii\widgets\grid\CGridColumn.php(103): CDataColumn->renderFilterCellContent()
#6 G:\Wamp\www\tis\yii\framework\zii\widgets\grid\CGridView.php(445): CGridColumn->renderFilterCell()
#7 G:\Wamp\www\tis\yii\framework\zii\widgets\grid\CGridView.php(423): CGridView->renderFilter()
#8 G:\Wamp\www\tis\yii\framework\zii\widgets\grid\CGridView.php(393): CGridView->renderTableHeader()
#9 G:\Wamp\www\tis\yii\framework\zii\widgets\CBaseListView.php(158): CGridView->renderItems()
#10 [internal function]: CBaseListView->renderSection(Array)
#11 G:\Wamp\www\tis\yii\framework\zii\widgets\CBaseListView.php(141): preg_replace_callback('/{(\w+)}/', Array, '{summary}?{item...')
#12 G:\Wamp\www\tis\yii\framework\zii\widgets\CBaseListView.php(126): CBaseListView->renderContent()
#13 G:\Wamp\www\tis\yii\framework\web\CBaseController.php(166): CBaseListView->run()
#14 G:\Wamp\www\tis\protected\views\user\find.php(32): CBaseController->widget('zii.widgets.gri...', Array)
#15 G:\Wamp\www\tis\yii\framework\web\CBaseController.php(119): require('G:\Wamp\www\tis...')
#16 G:\Wamp\www\tis\yii\framework\web\CBaseController.php(88): CBaseController->renderInternal('G:\Wamp\www\tis...', Array, true)
#17 G:\Wamp\www\tis\yii\framework\web\CController.php(866): CBaseController->renderFile('G:\Wamp\www\tis...', Array, true)
#18 G:\Wamp\www\tis\yii\framework\web\CController.php(779): CController->renderPartial('find', Array, true)
#19 G:\Wamp\www\tis\protected\controllers\UserController.php(110): CController->render('find', Array)
#20 G:\Wamp\www\tis\yii\framework\web\actions\CInlineAction.php(50): UserController->actionFind()
#21 G:\Wamp\www\tis\yii\framework\web\CController.php(300): CInlineAction->runWithParams(Array)
#22 G:\Wamp\www\tis\yii\framework\web\CController.php(278): CController->runAction(Object(CInlineAction))
#23 G:\Wamp\www\tis\yii\framework\web\CController.php(257): CController->runActionWithFilters(Object(CInlineAction), Array)
#24 G:\Wamp\www\tis\yii\framework\web\CWebApplication.php(277): CController->run('find')
#25 G:\Wamp\www\tis\yii\framework\web\CWebApplication.php(136): CWebApplication->runController('user/find')
#26 G:\Wamp\www\tis\yii\framework\base\CApplication.php(158): CWebApplication->processRequest()
#27 G:\Wamp\www\tis\index.php(13): CApplication->run()
#28 {main} REQUEST_URI=/tis/user/find
2012/11/16 15:26:54 [error] [php] Undefined index: Users (G:\Wamp\www\tis\protected\controllers\UserController.php:112)
Stack trace:
#0 G:\Wamp\www\tis\yii\framework\web\CController.php(278): UserController->runAction()
#1 G:\Wamp\www\tis\yii\framework\web\CController.php(257): UserController->runActionWithFilters()
#2 G:\Wamp\www\tis\yii\framework\web\CWebApplication.php(277): UserController->run()
#3 G:\Wamp\www\tis\yii\framework\web\CWebApplication.php(136): CWebApplication->runController()
#4 G:\Wamp\www\tis\yii\framework\base\CApplication.php(158): CWebApplication->processRequest()
#5 G:\Wamp\www\tis\index.php(13): CWebApplication->run()
REQUEST_URI=/tis/user/find?Users%5Bid%5D=&Users%5Busername%5D=a&Users%5Bfull_name%5D=&Users%5Bemail%5D=&Users_page=1&ajax=taskList
in G:\Wamp\www\tis\protected\controllers\UserController.php (112)
in G:\Wamp\www\tis\index.php (13)
2012/11/16 15:51:29 [error] [exception.CHttpException.404] exception 'CHttpException' with message 'Unable to resolve the request "assets/bede55a/jquery.fancybox-1.3.4.css".' in G:\Wamp\www\tis\yii\framework\web\CWebApplication.php:281
Stack trace:
#0 G:\Wamp\www\tis\yii\framework\web\CWebApplication.php(136): CWebApplication->runController('assets/bede55a/...')
#1 G:\Wamp\www\tis\yii\framework\base\CApplication.php(158): CWebApplication->processRequest()
#2 G:\Wamp\www\tis\index.php(13): CApplication->run()
#3 {main} REQUEST_URI=/tis/assets/bede55a/jquery.fancybox-1.3.4.css
2012/11/16 15:51:29 [error] [exception.CHttpException.404] exception 'CHttpException' with message 'Unable to resolve the request "assets/bede55a/jquery.mousewheel-3.0.4.pack.js".' in G:\Wamp\www\tis\yii\framework\web\CWebApplication.php:281
Stack trace:
#0 G:\Wamp\www\tis\yii\framework\web\CWebApplication.php(136): CWebApplication->runController('assets/bede55a/...')
#1 G:\Wamp\www\tis\yii\framework\base\CApplication.php(158): CWebApplication->processRequest()
#2 G:\Wamp\www\tis\index.php(13): CApplication->run()
#3 {main} REQUEST_URI=/tis/assets/bede55a/jquery.mousewheel-3.0.4.pack.js
2012/11/16 15:58:05 [error] [exception.CHttpException.404] exception 'CHttpException' with message 'The system is unable to find the requested action "find".' in G:\Wamp\www\tis\yii\framework\web\CController.php:477
Stack trace:
#0 G:\Wamp\www\tis\yii\framework\web\CController.php(262): CController->missingAction('find')
#1 G:\Wamp\www\tis\yii\framework\web\CWebApplication.php(277): CController->run('find')
#2 G:\Wamp\www\tis\yii\framework\web\CWebApplication.php(136): CWebApplication->runController('task/find/saved...')
#3 G:\Wamp\www\tis\yii\framework\base\CApplication.php(158): CWebApplication->processRequest()
#4 G:\Wamp\www\tis\index.php(13): CApplication->run()
#5 {main} REQUEST_URI=/tis/task/find/saved/1
